2025-05-10 12:14:36.233 WARNING (MainThread) [homeassistant.bootstrap] Skipping pip installation of required modules. This may cause issues
2025-05-10 12:14:36.234 WARNING (SyncWorker_0) [homeassistant.loader] We found a custom integration uk_bin_collection which has not been tested by Home Assistant. This component might cause stability problems, be sure to disable it if you experience issues with Home Assistant
2025-05-10 12:14:36.462 WARNING (MainThread) [aiohttp_fast_zlib] zlib_ng and isal are not available, falling back to zlib, performance will be degraded.
2025-05-10 12:14:36.463 ERROR (SyncWorker_5) [homeassistant.util.json] Could not parse JSON content: /Users/davidamor/GitHub/homeassistant-debug/config/custom_components/uk_bin_collection/translations/en.json
Traceback (most recent call last):
  File "/Users/davidamor/GitHub/homeassistant-debug/.venv/lib/python3.13/site-packages/homeassistant/util/json.py", line 73, in load_json
    return orjson.loads(fdesc.read())  # type: ignore[no-any-return]
           ~~~~~~~~~~~~^^^^^^^^^^^^^^
orjson.JSONDecodeError: trailing comma is not allowed: line 31 column 18 (char 1596)
2025-05-10 12:14:36.466 ERROR (MainThread) [homeassistant] Error doing job: Task exception was never retrieved (None)
Traceback (most recent call last):
  File "/Users/davidamor/GitHub/homeassistant-debug/.venv/lib/python3.13/site-packages/homeassistant/util/json.py", line 73, in load_json
    return orjson.loads(fdesc.read())  # type: ignore[no-any-return]
           ~~~~~~~~~~~~^^^^^^^^^^^^^^
orjson.JSONDecodeError: trailing comma is not allowed: line 31 column 18 (char 1596)

The above exception was the direct cause of the following exception:

Traceback (most recent call last):
  File "/Users/davidamor/GitHub/homeassistant-debug/.venv/lib/python3.13/site-packages/homeassistant/helpers/translation.py", line 420, in async_load_integrations
    await _async_get_translations_cache(hass).async_load(
        hass.config.language, integrations
    )
  File "/Users/davidamor/GitHub/homeassistant-debug/.venv/lib/python3.13/site-packages/homeassistant/helpers/translation.py", line 179, in async_load
    await self._async_load(language, components_to_load)
  File "/Users/davidamor/GitHub/homeassistant-debug/.venv/lib/python3.13/site-packages/homeassistant/helpers/translation.py", line 232, in _async_load
    translation_by_language_strings = await _async_get_component_strings(
                                      ^^^^^^^^^^^^^^^^^^^^^^^^^^^^^^^^^^^
        self.hass, languages, components, integrations
        ^^^^^^^^^^^^^^^^^^^^^^^^^^^^^^^^^^^^^^^^^^^^^^
    )
    ^
  File "/Users/davidamor/GitHub/homeassistant-debug/.venv/lib/python3.13/site-packages/homeassistant/helpers/translation.py", line 115, in _async_get_component_strings
    loaded_translations_by_language = await hass.async_add_executor_job(
                                      ^^^^^^^^^^^^^^^^^^^^^^^^^^^^^^^^^^
        _load_translations_files_by_language, files_to_load_by_language
        ^^^^^^^^^^^^^^^^^^^^^^^^^^^^^^^^^^^^^^^^^^^^^^^^^^^^^^^^^^^^^^^
    )
    ^
  File "/opt/homebrew/Cellar/python@3.13/3.13.3/Frameworks/Python.framework/Versions/3.13/lib/python3.13/concurrent/futures/thread.py", line 59, in run
    result = self.fn(*self.args, **self.kwargs)
  File "/Users/davidamor/GitHub/homeassistant-debug/.venv/lib/python3.13/site-packages/homeassistant/helpers/translation.py", line 59, in _load_translations_files_by_language
    loaded_json = load_json(translation_file)
  File "/Users/davidamor/GitHub/homeassistant-debug/.venv/lib/python3.13/site-packages/homeassistant/util/json.py", line 79, in load_json
    raise HomeAssistantError(f"Error while loading {filename}: {error}") from error
homeassistant.exceptions.HomeAssistantError: Error while loading /Users/davidamor/GitHub/homeassistant-debug/config/custom_components/uk_bin_collection/translations/en.json: trailing comma is not allowed: line 31 column 18 (char 1596)
2025-05-10 12:14:36.467 INFO (MainThread) [homeassistant.setup] Setup of domain system_log took 0.01 seconds
2025-05-10 12:14:36.468 INFO (MainThread) [homeassistant.setup] Setup of domain http took 0.01 seconds
2025-05-10 12:14:36.468 INFO (MainThread) [homeassistant.setup] Setting up websocket_api
2025-05-10 12:14:36.468 INFO (MainThread) [homeassistant.setup] Setup of domain logger took 0.01 seconds
2025-05-10 12:14:36.469 INFO (MainThread) [homeassistant.setup] Setup of domain websocket_api took 0.00 seconds
2025-05-10 12:14:36.469 INFO (MainThread) [homeassistant.setup] Setting up network
2025-05-10 12:14:36.470 INFO (MainThread) [homeassistant.setup] Setup of domain network took 0.00 seconds
2025-05-10 12:14:36.470 INFO (MainThread) [homeassistant.bootstrap] Setting up stage frontend: {'frontend'} | set()
Dependencies: {'lovelace', 'device_automation', 'search', 'onboarding', 'diagnostics', 'config', 'auth', 'repairs', 'api', 'file_upload'} | {'system_log', 'websocket_api', 'http'}
2025-05-10 12:14:36.470 INFO (MainThread) [homeassistant.setup] Setting up auth
2025-05-10 12:14:36.470 INFO (MainThread) [homeassistant.setup] Setting up search
2025-05-10 12:14:36.470 INFO (MainThread) [homeassistant.setup] Setup of domain search took 0.00 seconds
2025-05-10 12:14:36.470 INFO (MainThread) [homeassistant.setup] Setting up api
2025-05-10 12:14:36.471 INFO (MainThread) [homeassistant.setup] Setup of domain api took 0.00 seconds
2025-05-10 12:14:36.471 INFO (MainThread) [homeassistant.setup] Setting up config
2025-05-10 12:14:36.472 INFO (MainThread) [homeassistant.setup] Setup of domain config took 0.00 seconds
2025-05-10 12:14:36.472 INFO (MainThread) [homeassistant.setup] Setting up device_automation
2025-05-10 12:14:36.472 INFO (MainThread) [homeassistant.setup] Setup of domain device_automation took 0.00 seconds
2025-05-10 12:14:36.472 INFO (MainThread) [homeassistant.setup] Setting up diagnostics
2025-05-10 12:14:36.472 INFO (MainThread) [homeassistant.setup] Setting up file_upload
2025-05-10 12:14:36.472 INFO (MainThread) [homeassistant.setup] Setup of domain file_upload took 0.00 seconds
2025-05-10 12:14:36.472 INFO (MainThread) [homeassistant.setup] Setting up repairs
2025-05-10 12:14:36.473 INFO (MainThread) [homeassistant.setup] Setup of domain repairs took 0.00 seconds
2025-05-10 12:14:36.475 INFO (MainThread) [homeassistant.setup] Setup of domain auth took 0.01 seconds
2025-05-10 12:14:36.475 INFO (MainThread) [homeassistant.setup] Setting up onboarding
2025-05-10 12:14:36.475 INFO (MainThread) [homeassistant.setup] Setup of domain onboarding took 0.00 seconds
2025-05-10 12:14:36.476 INFO (MainThread) [homeassistant.setup] Setting up lovelace
2025-05-10 12:14:36.476 INFO (MainThread) [homeassistant.setup] Setup of domain lovelace took 0.00 seconds
2025-05-10 12:14:36.477 INFO (MainThread) [homeassistant.setup] Setup of domain diagnostics took 0.01 seconds
2025-05-10 12:14:36.477 INFO (MainThread) [homeassistant.setup] Setting up frontend
2025-05-10 12:14:36.479 INFO (MainThread) [homeassistant.setup] Setup of domain frontend took 0.00 seconds
2025-05-10 12:14:36.479 INFO (MainThread) [homeassistant.bootstrap] Setting up stage recorder: {'recorder'} | set()
Dependencies: set() | set()
2025-05-10 12:14:36.480 INFO (MainThread) [homeassistant.setup] Setting up recorder
2025-05-10 12:14:36.481 WARNING (Recorder) [homeassistant.components.recorder.util] The system could not validate that the sqlite3 database at //Users/davidamor/GitHub/homeassistant-debug/config/home-assistant_v2.db was shutdown cleanly
2025-05-10 12:14:36.481 INFO (MainThread) [homeassistant.components.http] Now listening on port 8123
2025-05-10 12:14:36.482 INFO (MainThread) [homeassistant.setup] Setup of domain http took 0.00 seconds
2025-05-10 12:14:36.489 WARNING (Recorder) [homeassistant.components.recorder.util] Ended unfinished session (id=34 from 2025-05-10 11:09:23.128571)
2025-05-10 12:14:36.494 INFO (MainThread) [homeassistant.setup] Setup of domain recorder took 0.01 seconds
2025-05-10 12:14:36.494 INFO (MainThread) [homeassistant.bootstrap] Nothing to set up in stage debugger: {'debugpy'}
2025-05-10 12:14:36.494 INFO (MainThread) [homeassistant.bootstrap] Setting up stage zeroconf: {'zeroconf'} | set()
Dependencies: set() | {'websocket_api', 'http', 'api', 'network'}
2025-05-10 12:14:36.494 INFO (MainThread) [homeassistant.setup] Setting up zeroconf
2025-05-10 12:14:36.495 INFO (MainThread) [homeassistant.components.zeroconf] Starting Zeroconf broadcast
2025-05-10 12:14:36.495 INFO (MainThread) [homeassistant.setup] Setup of domain zeroconf took 0.00 seconds
2025-05-10 12:14:36.496 INFO (MainThread) [homeassistant.bootstrap] Setting up stage 1: {'cloud', 'ssdp', 'bluetooth', 'dhcp', 'usb'} | set()
Dependencies: {'stt', 'conversation', 'tts', 'backup', 'wake_word', 'ffmpeg', 'webhook', 'assist_pipeline', 'intent'} | {'websocket_api', 'repairs', 'http', 'auth', 'network'}
2025-05-10 12:14:36.496 INFO (MainThread) [homeassistant.setup] Setting up webhook
2025-05-10 12:14:36.496 INFO (MainThread) [homeassistant.setup] Setup of domain webhook took 0.00 seconds
2025-05-10 12:14:36.496 INFO (MainThread) [homeassistant.setup] Setting up backup
2025-05-10 12:14:36.500 INFO (MainThread) [homeassistant.setup] Setting up stt
2025-05-10 12:14:36.501 INFO (MainThread) [homeassistant.setup] Setup of domain stt took 0.00 seconds
2025-05-10 12:14:36.501 INFO (MainThread) [homeassistant.setup] Setup of domain backup took 0.01 seconds
2025-05-10 12:14:36.502 INFO (MainThread) [homeassistant.setup] Setting up ffmpeg
2025-05-10 12:14:36.508 ERROR (MainThread) [haffmpeg.core] FFmpeg fails [Errno 2] No such file or directory: 'ffmpeg'
Traceback (most recent call last):
  File "/Users/davidamor/GitHub/homeassistant-debug/.venv/lib/python3.13/site-packages/haffmpeg/core.py", line 130, in open
    self._proc = await asyncio.create_subprocess_exec(
                 ^^^^^^^^^^^^^^^^^^^^^^^^^^^^^^^^^^^^^
    ...<6 lines>...
    )
    ^
  File "/opt/homebrew/Cellar/python@3.13/3.13.3/Frameworks/Python.framework/Versions/3.13/lib/python3.13/asyncio/subprocess.py", line 224, in create_subprocess_exec
    transport, protocol = await loop.subprocess_exec(
                          ^^^^^^^^^^^^^^^^^^^^^^^^^^^
    ...<3 lines>...
        stderr=stderr, **kwds)
        ^^^^^^^^^^^^^^^^^^^^^^
  File "/opt/homebrew/Cellar/python@3.13/3.13.3/Frameworks/Python.framework/Versions/3.13/lib/python3.13/asyncio/base_events.py", line 1788, in subprocess_exec
    transport = await self._make_subprocess_transport(
                ^^^^^^^^^^^^^^^^^^^^^^^^^^^^^^^^^^^^^^
        protocol, popen_args, False, stdin, stdout, stderr,
        ^^^^^^^^^^^^^^^^^^^^^^^^^^^^^^^^^^^^^^^^^^^^^^^^^^^
        bufsize, **kwargs)
        ^^^^^^^^^^^^^^^^^^
  File "/opt/homebrew/Cellar/python@3.13/3.13.3/Frameworks/Python.framework/Versions/3.13/lib/python3.13/asyncio/unix_events.py", line 213, in _make_subprocess_transport
    transp = _UnixSubprocessTransport(self, protocol, args, shell,
                                    stdin, stdout, stderr, bufsize,
                                    waiter=waiter, extra=extra,
                                    **kwargs)
  File "/opt/homebrew/Cellar/python@3.13/3.13.3/Frameworks/Python.framework/Versions/3.13/lib/python3.13/asyncio/base_subprocess.py", line 39, in __init__
    self._start(args=args, shell=shell, stdin=stdin, stdout=stdout,
    ~~~~~~~~~~~^^^^^^^^^^^^^^^^^^^^^^^^^^^^^^^^^^^^^^^^^^^^^^^^^^^^
                stderr=stderr, bufsize=bufsize, **kwargs)
                ^^^^^^^^^^^^^^^^^^^^^^^^^^^^^^^^^^^^^^^^^
  File "/opt/homebrew/Cellar/python@3.13/3.13.3/Frameworks/Python.framework/Versions/3.13/lib/python3.13/asyncio/unix_events.py", line 855, in _start
    self._proc = subprocess.Popen(
                 ~~~~~~~~~~~~~~~~^
        args, shell=shell, stdin=stdin, stdout=stdout, stderr=stderr,
        ^^^^^^^^^^^^^^^^^^^^^^^^^^^^^^^^^^^^^^^^^^^^^^^^^^^^^^^^^^^^^
        universal_newlines=False, bufsize=bufsize, **kwargs)
        ^^^^^^^^^^^^^^^^^^^^^^^^^^^^^^^^^^^^^^^^^^^^^^^^^^^^
  File "/opt/homebrew/Cellar/python@3.13/3.13.3/Frameworks/Python.framework/Versions/3.13/lib/python3.13/subprocess.py", line 1039, in __init__
    self._execute_child(args, executable, preexec_fn, close_fds,
    ~~~~~~~~~~~~~~~~~~~^^^^^^^^^^^^^^^^^^^^^^^^^^^^^^^^^^^^^^^^^
                        pass_fds, cwd, env,
                        ^^^^^^^^^^^^^^^^^^^
    ...<5 lines>...
                        gid, gids, uid, umask,
                        ^^^^^^^^^^^^^^^^^^^^^^
                        start_new_session, process_group)
                        ^^^^^^^^^^^^^^^^^^^^^^^^^^^^^^^^^
  File "/opt/homebrew/Cellar/python@3.13/3.13.3/Frameworks/Python.framework/Versions/3.13/lib/python3.13/subprocess.py", line 1969, in _execute_child
    raise child_exception_type(errno_num, err_msg, err_filename)
FileNotFoundError: [Errno 2] No such file or directory: 'ffmpeg'
2025-05-10 12:14:36.512 WARNING (MainThread) [haffmpeg.tools] Error starting FFmpeg.
2025-05-10 12:14:36.513 INFO (MainThread) [homeassistant.setup] Setup of domain ffmpeg took 0.01 seconds
2025-05-10 12:14:36.513 INFO (MainThread) [homeassistant.setup] Setting up wake_word
2025-05-10 12:14:36.513 INFO (MainThread) [homeassistant.setup] Setup of domain wake_word took 0.00 seconds
2025-05-10 12:14:36.514 INFO (MainThread) [homeassistant.setup] Setting up intent
2025-05-10 12:14:36.514 INFO (MainThread) [homeassistant.setup] Setup of domain intent took 0.00 seconds
2025-05-10 12:14:36.529 INFO (MainThread) [homeassistant.setup] Setting up ssdp
2025-05-10 12:14:36.533 INFO (MainThread) [homeassistant.setup] Setting up usb
2025-05-10 12:14:36.533 INFO (MainThread) [homeassistant.components.usb] Falling back to periodic filesystem polling for development, aiousbwatcher is not available on this system: Inotify not available on this platform
2025-05-10 12:14:36.533 INFO (MainThread) [homeassistant.setup] Setup of domain usb took 0.00 seconds
2025-05-10 12:14:36.534 INFO (MainThread) [homeassistant.setup] Setup of domain ssdp took 0.01 seconds
2025-05-10 12:14:36.573 INFO (MainThread) [homeassistant.setup] Setting up dhcp
2025-05-10 12:14:36.573 INFO (MainThread) [homeassistant.setup] Setup of domain dhcp took 0.00 seconds
2025-05-10 12:14:36.580 INFO (MainThread) [homeassistant.setup] Setting up tts
2025-05-10 12:14:36.581 INFO (MainThread) [homeassistant.setup] Setup of domain tts took 0.00 seconds
2025-05-10 12:14:36.601 INFO (MainThread) [homeassistant.setup] Setting up conversation
2025-05-10 12:14:36.614 INFO (MainThread) [homeassistant.setup] Setup of domain conversation took 0.01 seconds
2025-05-10 12:14:36.614 INFO (MainThread) [homeassistant.setup] Setting up assist_pipeline
2025-05-10 12:14:36.614 INFO (MainThread) [homeassistant.setup] Setup of domain assist_pipeline took 0.00 seconds
2025-05-10 12:14:36.647 INFO (MainThread) [homeassistant.setup] Setting up bluetooth
2025-05-10 12:14:36.647 INFO (MainThread) [homeassistant.setup] Setup of domain bluetooth took 0.00 seconds
2025-05-10 12:14:36.730 INFO (MainThread) [homeassistant.setup] Setting up sensor
2025-05-10 12:14:36.731 INFO (MainThread) [homeassistant.setup] Setup of domain sensor took 0.00 seconds
2025-05-10 12:14:36.731 INFO (MainThread) [homeassistant.components.sensor] Setting up backup.sensor
2025-05-10 12:14:36.813 ERROR (ImportExecutor_0) [homeassistant.components.camera.img_util] Error loading libturbojpeg; Camera snapshot performance will be sub-optimal
Traceback (most recent call last):
  File "/Users/davidamor/GitHub/homeassistant-debug/.venv/lib/python3.13/site-packages/homeassistant/components/camera/img_util.py", line 93, in __init__
    TurboJPEGSingleton.__instance = TurboJPEG()
                                    ~~~~~~~~~^^
  File "/Users/davidamor/GitHub/homeassistant-debug/.venv/lib/python3.13/site-packages/turbojpeg.py", line 300, in __init__
    self.__find_turbojpeg() if lib_path is None else lib_path)
    ~~~~~~~~~~~~~~~~~~~~~^^
  File "/Users/davidamor/GitHub/homeassistant-debug/.venv/lib/python3.13/site-packages/turbojpeg.py", line 967, in __find_turbojpeg
    raise RuntimeError(
    ...<2 lines>...
        'e.g. jpeg = TurboJPEG(lib_path)')
RuntimeError: Unable to locate turbojpeg library automatically. You may specify the turbojpeg library path manually.
e.g. jpeg = TurboJPEG(lib_path)
2025-05-10 12:14:36.830 INFO (MainThread) [homeassistant.setup] Setting up cloud
2025-05-10 12:14:36.831 INFO (MainThread) [homeassistant.setup] Setup of domain cloud took 0.00 seconds
2025-05-10 12:14:36.831 INFO (MainThread) [homeassistant.bootstrap] Setting up stage 2: {'input_text', 'counter', 'met', 'script', 'input_boolean', 'default_config', 'input_select', 'hardware', 'shopping_list', 'person', 'uk_bin_collection', 'sun', 'zone', 'application_credentials', 'input_button', 'sonos', 'input_datetime', 'automation', 'analytics', 'tag', 'timer', 'input_number', 'scene', 'cast', 'thread', 'schedule', 'radio_browser', 'system_health', 'google_translate'} | {'logger', 'backup', 'bluetooth', 'frontend', 'network'}
Dependencies: {'mobile_app', 'trace', 'blueprint', 'stream', 'energy', 'my', 'media_source', 'go2rtc', 'homeassistant_alerts', 'logbook', 'camera', 'image_upload', 'history'} | {'stt', 'cloud', 'backup', 'onboarding', 'recorder', 'repairs', 'http', 'assist_pipeline', 'zeroconf', 'network', 'api', 'dhcp', 'device_automation', 'lovelace', 'search', 'wake_word', 'ffmpeg', 'ssdp', 'config', 'conversation', 'intent', 'usb', 'tts', 'websocket_api', 'system_log', 'frontend', 'diagnostics', 'bluetooth', 'auth', 'webhook', 'file_upload'}
2025-05-10 12:14:36.831 INFO (MainThread) [homeassistant.setup] Setting up camera
2025-05-10 12:14:36.832 INFO (MainThread) [homeassistant.setup] Setting up scene
2025-05-10 12:14:36.832 INFO (MainThread) [homeassistant.setup] Setting up blueprint
2025-05-10 12:14:36.832 INFO (MainThread) [homeassistant.setup] Setup of domain blueprint took 0.00 seconds
2025-05-10 12:14:36.832 INFO (MainThread) [homeassistant.setup] Setting up trace
2025-05-10 12:14:36.832 INFO (MainThread) [homeassistant.setup] Setup of domain trace took 0.00 seconds
2025-05-10 12:14:36.832 INFO (MainThread) [homeassistant.setup] Setting up script
2025-05-10 12:14:36.833 INFO (MainThread) [homeassistant.setup] Setting up input_boolean
2025-05-10 12:14:36.833 INFO (MainThread) [homeassistant.setup] Setting up history
2025-05-10 12:14:36.833 INFO (MainThread) [homeassistant.setup] Setup of domain history took 0.00 seconds
2025-05-10 12:14:36.833 INFO (MainThread) [homeassistant.setup] Setting up logbook
2025-05-10 12:14:36.833 INFO (MainThread) [homeassistant.setup] Setting up media_source
2025-05-10 12:14:36.833 INFO (MainThread) [homeassistant.setup] Setting up image_upload
2025-05-10 12:14:36.834 INFO (MainThread) [homeassistant.setup] Setup of domain image_upload took 0.00 seconds
2025-05-10 12:14:36.834 INFO (MainThread) [homeassistant.setup] Setting up person
2025-05-10 12:14:36.834 INFO (MainThread) [homeassistant.setup] Setting up stream
2025-05-10 12:14:36.834 INFO (MainThread) [homeassistant.setup] Setting up input_select
2025-05-10 12:14:36.834 INFO (MainThread) [homeassistant.setup] Setting up zone
2025-05-10 12:14:36.835 INFO (MainThread) [homeassistant.setup] Setting up input_button
2025-05-10 12:14:36.835 INFO (MainThread) [homeassistant.setup] Setting up automation
2025-05-10 12:14:36.835 INFO (MainThread) [homeassistant.setup] Setting up timer
2025-05-10 12:14:36.835 INFO (MainThread) [homeassistant.setup] Setting up input_number
2025-05-10 12:14:36.836 INFO (MainThread) [homeassistant.setup] Setting up system_health
2025-05-10 12:14:36.838 INFO (MainThread) [homeassistant.setup] Setting up input_text
2025-05-10 12:14:36.849 INFO (MainThread) [homeassistant.setup] Setup of domain camera took 0.02 seconds
2025-05-10 12:14:36.849 INFO (MainThread) [homeassistant.setup] Setting up counter
2025-05-10 12:14:36.852 INFO (MainThread) [homeassistant.setup] Setup of domain scene took 0.02 seconds
2025-05-10 12:14:36.858 INFO (MainThread) [homeassistant.setup] Setup of domain input_text took 0.02 seconds
2025-05-10 12:14:36.862 INFO (MainThread) [homeassistant.setup] Setup of domain counter took 0.01 seconds
2025-05-10 12:14:36.866 INFO (MainThread) [homeassistant.setup] Setting up met
2025-05-10 12:14:36.871 INFO (MainThread) [homeassistant.setup] Setup of domain met took 0.00 seconds
2025-05-10 12:14:36.876 INFO (MainThread) [homeassistant.setup] Setup of domain script took 0.04 seconds
2025-05-10 12:14:36.881 INFO (MainThread) [homeassistant.setup] Setup of domain input_boolean took 0.05 seconds
2025-05-10 12:14:36.891 INFO (MainThread) [homeassistant.setup] Setting up energy
2025-05-10 12:14:36.891 INFO (MainThread) [homeassistant.setup] Setup of domain energy took 0.00 seconds
2025-05-10 12:14:36.909 INFO (MainThread) [homeassistant.setup] Setup of domain logbook took 0.08 seconds
2025-05-10 12:14:36.921 INFO (MainThread) [homeassistant.setup] Setting up homeassistant_alerts
2025-05-10 12:14:36.921 INFO (MainThread) [homeassistant.setup] Setup of domain homeassistant_alerts took 0.00 seconds
2025-05-10 12:14:36.921 INFO (MainThread) [homeassistant.setup] Setup of domain media_source took 0.09 seconds
2025-05-10 12:14:36.950 INFO (MainThread) [homeassistant.setup] Setup of domain person took 0.12 seconds
2025-05-10 12:14:36.953 INFO (MainThread) [homeassistant.setup] Setup of domain stream took 0.12 seconds
2025-05-10 12:14:36.954 INFO (MainThread) [homeassistant.setup] Setting up tag
2025-05-10 12:14:36.954 INFO (MainThread) [homeassistant.setup] Setting up my
2025-05-10 12:14:36.954 INFO (MainThread) [homeassistant.setup] Setup of domain my took 0.00 seconds
2025-05-10 12:14:36.954 INFO (MainThread) [homeassistant.setup] Setup of domain tag took 0.00 seconds
2025-05-10 12:14:36.955 INFO (MainThread) [homeassistant.setup] Setting up sun
2025-05-10 12:14:36.955 INFO (MainThread) [homeassistant.setup] Setup of domain sun took 0.00 seconds
2025-05-10 12:14:36.956 INFO (MainThread) [homeassistant.components.sensor] Setting up sun.sensor
2025-05-10 12:14:36.958 INFO (MainThread) [homeassistant.setup] Setup of domain input_select took 0.12 seconds
2025-05-10 12:14:36.958 INFO (MainThread) [homeassistant.setup] Setting up hardware
2025-05-10 12:14:36.959 ERROR (SyncWorker_5) [homeassistant.util.json] Could not parse JSON content: /Users/davidamor/GitHub/homeassistant-debug/config/custom_components/uk_bin_collection/translations/en.json
Traceback (most recent call last):
  File "/Users/davidamor/GitHub/homeassistant-debug/.venv/lib/python3.13/site-packages/homeassistant/util/json.py", line 73, in load_json
    return orjson.loads(fdesc.read())  # type: ignore[no-any-return]
           ~~~~~~~~~~~~^^^^^^^^^^^^^^
orjson.JSONDecodeError: trailing comma is not allowed: line 31 column 18 (char 1596)
2025-05-10 12:14:36.961 INFO (MainThread) [homeassistant.setup] Setup of domain zone took 0.13 seconds
2025-05-10 12:14:36.961 INFO (MainThread) [homeassistant.setup] Setting up shopping_list
2025-05-10 12:14:36.961 INFO (MainThread) [homeassistant.setup] Setup of domain shopping_list took 0.00 seconds
2025-05-10 12:14:36.967 INFO (MainThread) [homeassistant.setup] Setup of domain hardware took 0.01 seconds
2025-05-10 12:14:36.968 INFO (MainThread) [homeassistant.setup] Setup of domain input_button took 0.13 seconds
2025-05-10 12:14:36.970 INFO (MainThread) [homeassistant.setup] Setup of domain automation took 0.14 seconds
2025-05-10 12:14:36.971 INFO (MainThread) [homeassistant.setup] Setup of domain timer took 0.14 seconds
2025-05-10 12:14:36.971 INFO (MainThread) [homeassistant.setup] Setup of domain input_number took 0.14 seconds
2025-05-10 12:14:36.976 INFO (MainThread) [homeassistant.setup] Setup of domain system_health took 0.14 seconds
2025-05-10 12:14:37.028 INFO (MainThread) [homeassistant.components.scene] Setting up homeassistant.scene
2025-05-10 12:14:37.258 INFO (MainThread) [homeassistant.setup] Setting up uk_bin_collection
2025-05-10 12:14:37.258 DEBUG (MainThread) [custom_components.uk_bin_collection] [UKBinCollection] async_setup called with config: {'default_config': {}, 'logger': {'default': 'info', 'logs': {'custom_components.uk_bin_collection': 'debug'}}, 'uk_bin_collection': []}
2025-05-10 12:14:37.258 DEBUG (MainThread) [custom_components.uk_bin_collection] [UKBinCollection] hass.data[DOMAIN] initialized: {}
2025-05-10 12:14:37.258 DEBUG (MainThread) [custom_components.uk_bin_collection] [UKBinCollection] Registering manual_refresh service
2025-05-10 12:14:37.258 DEBUG (MainThread) [custom_components.uk_bin_collection] [UKBinCollection] manual_refresh service registered successfully
2025-05-10 12:14:37.258 INFO (MainThread) [custom_components.uk_bin_collection] [UKBinCollection] async_setup completed without errors.
2025-05-10 12:14:37.258 INFO (MainThread) [homeassistant.setup] Setup of domain uk_bin_collection took 0.00 seconds
2025-05-10 12:14:37.260 INFO (MainThread) [homeassistant.setup] Setting up application_credentials
2025-05-10 12:14:37.261 INFO (MainThread) [homeassistant.setup] Setup of domain application_credentials took 0.00 seconds
2025-05-10 12:14:37.261 INFO (MainThread) [homeassistant.setup] Setting up input_datetime
2025-05-10 12:14:37.261 INFO (MainThread) [homeassistant.setup] Setup of domain input_datetime took 0.00 seconds
2025-05-10 12:14:37.265 INFO (MainThread) [homeassistant.setup] Setting up thread
2025-05-10 12:14:37.265 INFO (MainThread) [homeassistant.setup] Setup of domain thread took 0.00 seconds
2025-05-10 12:14:37.268 INFO (MainThread) [homeassistant.setup] Setting up schedule
2025-05-10 12:14:37.268 INFO (MainThread) [homeassistant.setup] Setup of domain schedule took 0.00 seconds
2025-05-10 12:14:37.284 INFO (MainThread) [homeassistant.setup] Setting up radio_browser
2025-05-10 12:14:37.284 INFO (MainThread) [homeassistant.setup] Setup of domain radio_browser took 0.00 seconds
2025-05-10 12:14:37.285 INFO (MainThread) [homeassistant.setup] Setting up google_translate
2025-05-10 12:14:37.285 INFO (MainThread) [homeassistant.setup] Setup of domain google_translate took 0.00 seconds
2025-05-10 12:14:37.299 INFO (MainThread) [homeassistant.setup] Setting up go2rtc
2025-05-10 12:14:37.299 INFO (MainThread) [homeassistant.setup] Setup of domain go2rtc took 0.00 seconds
2025-05-10 12:14:37.299 INFO (MainThread) [homeassistant.components.sensor] Setting up energy.sensor
2025-05-10 12:14:37.306 INFO (MainThread) [homeassistant.setup] Setting up analytics
2025-05-10 12:14:37.306 INFO (MainThread) [homeassistant.setup] Setup of domain analytics took 0.00 seconds
2025-05-10 12:14:37.317 INFO (MainThread) [homeassistant.setup] Setting up sonos
2025-05-10 12:14:37.317 INFO (MainThread) [homeassistant.setup] Setup of domain sonos took 0.00 seconds
2025-05-10 12:14:37.335 INFO (MainThread) [homeassistant.setup] Setting up cast
2025-05-10 12:14:37.335 INFO (MainThread) [homeassistant.setup] Setup of domain cast took 0.00 seconds
2025-05-10 12:14:37.344 INFO (MainThread) [homeassistant.setup] Setting up mobile_app
2025-05-10 12:14:37.345 INFO (MainThread) [homeassistant.setup] Setting up notify
2025-05-10 12:14:37.345 INFO (MainThread) [homeassistant.setup] Setup of domain mobile_app took 0.00 seconds
2025-05-10 12:14:37.345 INFO (MainThread) [homeassistant.setup] Setting up default_config
2025-05-10 12:14:37.345 INFO (MainThread) [homeassistant.setup] Setup of domain default_config took 0.00 seconds
2025-05-10 12:14:37.345 INFO (MainThread) [homeassistant.setup] Setting up todo
2025-05-10 12:14:37.346 INFO (MainThread) [homeassistant.setup] Setup of domain notify took 0.00 seconds
2025-05-10 12:14:37.346 INFO (MainThread) [homeassistant.components.notify] Setting up notify.mobile_app
2025-05-10 12:14:37.347 INFO (MainThread) [homeassistant.setup] Setting up weather
2025-05-10 12:14:37.348 INFO (MainThread) [homeassistant.setup] Setup of domain todo took 0.00 seconds
2025-05-10 12:14:37.348 INFO (MainThread) [homeassistant.components.todo] Setting up shopping_list.todo
2025-05-10 12:14:37.348 INFO (MainThread) [homeassistant.setup] Setup of domain weather took 0.00 seconds
2025-05-10 12:14:37.348 INFO (MainThread) [homeassistant.components.weather] Setting up met.weather
2025-05-10 12:14:37.351 INFO (MainThread) [homeassistant.components.tts] Setting up google_translate.tts
2025-05-10 12:14:37.461 INFO (MainThread) [homeassistant.setup] Setting up binary_sensor
2025-05-10 12:14:37.461 INFO (MainThread) [homeassistant.setup] Setting up media_player
2025-05-10 12:14:37.462 INFO (MainThread) [homeassistant.setup] Setting up number
2025-05-10 12:14:37.462 INFO (MainThread) [homeassistant.components.sensor] Setting up sonos.sensor
2025-05-10 12:14:37.462 INFO (MainThread) [homeassistant.setup] Setting up switch
2025-05-10 12:14:37.464 INFO (MainThread) [homeassistant.setup] Setup of domain binary_sensor took 0.00 seconds
2025-05-10 12:14:37.464 INFO (MainThread) [homeassistant.components.binary_sensor] Setting up sonos.binary_sensor
2025-05-10 12:14:37.465 INFO (MainThread) [homeassistant.setup] Setup of domain media_player took 0.00 seconds
2025-05-10 12:14:37.465 INFO (MainThread) [homeassistant.components.media_player] Setting up sonos.media_player
2025-05-10 12:14:37.466 INFO (MainThread) [homeassistant.setup] Setup of domain number took 0.00 seconds
2025-05-10 12:14:37.466 INFO (MainThread) [homeassistant.components.number] Setting up sonos.number
2025-05-10 12:14:37.466 INFO (MainThread) [homeassistant.setup] Setup of domain switch took 0.00 seconds
2025-05-10 12:14:37.466 INFO (MainThread) [homeassistant.components.switch] Setting up sonos.switch
2025-05-10 12:14:37.468 INFO (MainThread) [homeassistant.components.media_player] Setting up cast.media_player
2025-05-10 12:14:37.519 ERROR (MainThread) [homeassistant.bootstrap] Error setting up integration uk_bin_collection - received exception
Traceback (most recent call last):
  File "/Users/davidamor/GitHub/homeassistant-debug/.venv/lib/python3.13/site-packages/homeassistant/util/json.py", line 73, in load_json
    return orjson.loads(fdesc.read())  # type: ignore[no-any-return]
           ~~~~~~~~~~~~^^^^^^^^^^^^^^
orjson.JSONDecodeError: trailing comma is not allowed: line 31 column 18 (char 1596)

The above exception was the direct cause of the following exception:

Traceback (most recent call last):
  File "/Users/davidamor/GitHub/homeassistant-debug/.venv/lib/python3.13/site-packages/homeassistant/setup.py", line 191, in async_setup_component
    await future
  File "/Users/davidamor/GitHub/homeassistant-debug/.venv/lib/python3.13/site-packages/homeassistant/setup.py", line 191, in async_setup_component
    await future
  File "/Users/davidamor/GitHub/homeassistant-debug/.venv/lib/python3.13/site-packages/homeassistant/setup.py", line 171, in async_setup_component
    result = await _async_setup_component(hass, domain, config)
             ^^^^^^^^^^^^^^^^^^^^^^^^^^^^^^^^^^^^^^^^^^^^^^^^^^
  File "/Users/davidamor/GitHub/homeassistant-debug/.venv/lib/python3.13/site-packages/homeassistant/setup.py", line 456, in _async_setup_component
    await load_translations_task
  File "/Users/davidamor/GitHub/homeassistant-debug/.venv/lib/python3.13/site-packages/homeassistant/helpers/translation.py", line 420, in async_load_integrations
    await _async_get_translations_cache(hass).async_load(
        hass.config.language, integrations
    )
  File "/Users/davidamor/GitHub/homeassistant-debug/.venv/lib/python3.13/site-packages/homeassistant/helpers/translation.py", line 179, in async_load
    await self._async_load(language, components_to_load)
  File "/Users/davidamor/GitHub/homeassistant-debug/.venv/lib/python3.13/site-packages/homeassistant/helpers/translation.py", line 232, in _async_load
    translation_by_language_strings = await _async_get_component_strings(
                                      ^^^^^^^^^^^^^^^^^^^^^^^^^^^^^^^^^^^
        self.hass, languages, components, integrations
        ^^^^^^^^^^^^^^^^^^^^^^^^^^^^^^^^^^^^^^^^^^^^^^
    )
    ^
  File "/Users/davidamor/GitHub/homeassistant-debug/.venv/lib/python3.13/site-packages/homeassistant/helpers/translation.py", line 115, in _async_get_component_strings
    loaded_translations_by_language = await hass.async_add_executor_job(
                                      ^^^^^^^^^^^^^^^^^^^^^^^^^^^^^^^^^^
        _load_translations_files_by_language, files_to_load_by_language
        ^^^^^^^^^^^^^^^^^^^^^^^^^^^^^^^^^^^^^^^^^^^^^^^^^^^^^^^^^^^^^^^
    )
    ^
  File "/opt/homebrew/Cellar/python@3.13/3.13.3/Frameworks/Python.framework/Versions/3.13/lib/python3.13/concurrent/futures/thread.py", line 59, in run
    result = self.fn(*self.args, **self.kwargs)
  File "/Users/davidamor/GitHub/homeassistant-debug/.venv/lib/python3.13/site-packages/homeassistant/helpers/translation.py", line 59, in _load_translations_files_by_language
    loaded_json = load_json(translation_file)
  File "/Users/davidamor/GitHub/homeassistant-debug/.venv/lib/python3.13/site-packages/homeassistant/util/json.py", line 79, in load_json
    raise HomeAssistantError(f"Error while loading {filename}: {error}") from error
homeassistant.exceptions.HomeAssistantError: Error while loading /Users/davidamor/GitHub/homeassistant-debug/config/custom_components/uk_bin_collection/translations/en.json: trailing comma is not allowed: line 31 column 18 (char 1596)
2025-05-10 12:14:37.520 INFO (MainThread) [homeassistant.bootstrap] Home Assistant initialized in 1.29s
2025-05-10 12:14:37.520 INFO (MainThread) [homeassistant.core] Starting Home Assistant
2025-05-10 12:14:37.521 INFO (SyncWorker_2) [homeassistant.loader] Loaded elgato from homeassistant.components.elgato
2025-05-10 12:14:37.522 INFO (SyncWorker_5) [homeassistant.loader] Loaded ibeacon from homeassistant.components.ibeacon
2025-05-10 12:14:37.531 INFO (SyncWorker_1) [homeassistant.loader] Loaded bluetooth_adapters from homeassistant.components.bluetooth_adapters
2025-05-10 12:14:37.567 INFO (MainThread) [homeassistant.setup] Setting up bluetooth_adapters
2025-05-10 12:14:37.681 INFO (SyncWorker_5) [homeassistant.loader] Loaded hue from homeassistant.components.hue
2025-05-10 12:14:37.707 INFO (SyncWorker_1) [homeassistant.loader] Loaded apple_tv from homeassistant.components.apple_tv
2025-05-10 12:14:37.726 ERROR (SyncWorker_4) [homeassistant.util.json] Could not parse JSON content: /Users/davidamor/GitHub/homeassistant-debug/config/custom_components/uk_bin_collection/translations/en.json
Traceback (most recent call last):
  File "/Users/davidamor/GitHub/homeassistant-debug/.venv/lib/python3.13/site-packages/homeassistant/util/json.py", line 73, in load_json
    return orjson.loads(fdesc.read())  # type: ignore[no-any-return]
           ~~~~~~~~~~~~^^^^^^^^^^^^^^
orjson.JSONDecodeError: trailing comma is not allowed: line 31 column 18 (char 1596)
2025-05-10 12:14:37.730 ERROR (MainThread) [homeassistant.components.websocket_api.http.connection] [5456139968] Error handling message: Error while loading /Users/davidamor/GitHub/homeassistant-debug/config/custom_components/uk_bin_collection/translations/en.json: trailing comma is not allowed: line 31 column 18 (char 1596) (home_assistant_error) damor from ::1 (Mozilla/5.0 (Macintosh; Intel Mac OS X 10_15_7) AppleWebKit/605.1.15 (KHTML, like Gecko) Version/18.4 Safari/605.1.15)
2025-05-10 12:14:38.261 INFO (SyncWorker_2) [homeassistant.loader] Loaded ipp from homeassistant.components.ipp
2025-05-10 12:14:45.022 DEBUG (MainThread) [custom_components.uk_bin_collection.config_flow] Loaded and sorted 337 councils (with aliases)
2025-05-10 12:14:45.024 DEBUG (MainThread) [custom_components.uk_bin_collection.config_flow] Loaded council data: ['AberdeenCityCouncil', 'AberdeenshireCouncil', 'AdurAndWorthingCouncils', 'AmberValleyBoroughCouncil', 'AngusCouncil', 'AntrimAndNewtonabbeyCouncil', 'ArdsAndNorthDownCouncil', 'ArgyllandButeCouncil', 'ArmaghBanbridgeCraigavonCouncil', 'ArunCouncil', 'AshfieldDistrictCouncil', 'AshfordBoroughCouncil', 'AylesburyValeCouncil', 'BCPCouncil', 'BaberghDistrictCouncil', 'BarkingDagenham', 'BarnetCouncil', 'BarnsleyMBCouncil', 'BasildonCouncil', 'BasingstokeCouncil', 'BathAndNorthEastSomersetCouncil', 'BedfordBoroughCouncil', 'BedfordshireCouncil', 'BelfastCityCouncil', 'BexleyCouncil', 'BirminghamCityCouncil', 'BlabyDistrictCouncil', 'BlackburnCouncil', 'BlaenauGwentCountyBoroughCouncil', 'BolsoverCouncil', 'BoltonCouncil', 'BostonBoroughCouncil', 'BracknellForestCouncil', 'BradfordMDC', 'BraintreeDistrictCouncil', 'BrecklandCouncil', 'BrentCouncil', 'BrentwoodBoroughCouncil', 'BrightonandHoveCityCouncil', 'BristolCityCouncil', 'BroadlandDistrictCouncil', 'BromleyBoroughCouncil', 'BromsgroveDistrictCouncil', 'BroxbourneCouncil', 'BroxtoweBoroughCouncil', 'BuckinghamshireCouncil', 'BurnleyBoroughCouncil', 'BuryCouncil', 'CalderdaleCouncil', 'CambridgeCityCouncil', 'CannockChaseDistrictCouncil', 'CanterburyCityCouncil', 'CardiffCouncil', 'CarmarthenshireCountyCouncil', 'CastlepointDistrictCouncil', 'CeredigionCountyCouncil', 'CharnwoodBoroughCouncil', 'ChelmsfordCityCouncil', 'CheltenhamBoroughCouncil', 'CherwellDistrictCouncil', 'CheshireEastCouncil', 'CheshireWestAndChesterCouncil', 'ChesterfieldBoroughCouncil', 'ChichesterDistrictCouncil', 'ChorleyCouncil', 'ClackmannanshireCouncil', 'ColchesterCityCouncil', 'ConwyCountyBorough', 'CopelandBoroughCouncil', 'CornwallCouncil', 'CotswoldDistrictCouncil', 'CoventryCityCouncil', 'CrawleyBoroughCouncil', 'CroydonCouncil', 'CumberlandAllerdaleCouncil', 'CumberlandCouncil', 'DacorumBoroughCouncil', 'DartfordBoroughCouncil', 'DenbighshireCouncil', 'DerbyCityCouncil', 'DerbyshireDalesDistrictCouncil', 'DerryAndStrabaneDistrictCouncil', 'DoncasterCouncil', 'DorsetCouncil', 'DoverDistrictCouncil', 'DudleyCouncil', 'DundeeCityCouncil', 'DurhamCouncil', 'EalingCouncil', 'EastAyrshireCouncil', 'EastCambridgeshireCouncil', 'EastDevonDC', 'EastDunbartonshireCouncil', 'EastHampshireCountyCouncil', 'EastHertsCouncil', 'EastLindseyDistrictCouncil', 'EastLothianCouncil', 'EastRenfrewshireCouncil', 'EastRidingCouncil', 'EastStaffordshireBoroughCouncil', 'EastSuffolkCouncil', 'EastleighBoroughCouncil', 'EdinburghCityCouncil', 'ElmbridgeBoroughCouncil', 'EnfieldCouncil', 'EnvironmentFirst', 'EppingForestDistrictCouncil', 'EpsomandEwellBoroughCouncil', 'ErewashBoroughCouncil', 'ExeterCityCouncil', 'FalkirkCouncil', 'FarehamBoroughCouncil', 'FenlandDistrictCouncil', 'FermanaghOmaghDistrictCouncil', 'FifeCouncil', 'FlintshireCountyCouncil', 'FolkstoneandHytheDistrictCouncil', 'ForestOfDeanDistrictCouncil', 'FyldeCouncil', 'GatesheadCouncil', 'GedlingBoroughCouncil', 'GlasgowCityCouncil', 'GloucesterCityCouncil', 'GooglePublicCalendarCouncil', 'GraveshamBoroughCouncil', 'GreatYarmouthBoroughCouncil', 'GuildfordCouncil', 'GwyneddCouncil', 'HackneyCouncil', 'HaltonBoroughCouncil', 'HarboroughDistrictCouncil', 'HaringeyCouncil', 'HarrogateBoroughCouncil', 'HartDistrictCouncil', 'HartlepoolBoroughCouncil', 'HastingsBoroughCouncil', 'HavantBoroughCouncil', 'HerefordshireCouncil', 'HertsmereBoroughCouncil', 'HighPeakCouncil', 'HighlandCouncil', 'Hillingdon', 'HinckleyandBosworthBoroughCouncil', 'HorshamDistrictCouncil', 'HullCityCouncil', 'HuntingdonDistrictCouncil', 'HyndburnBoroughCouncil', 'IpswichBoroughCouncil', 'IsleOfWightCouncil', 'IslingtonCouncil', 'KingsLynnandWestNorfolkBC', 'KingstonUponThamesCouncil', 'KirkleesCouncil', 'KnowsleyMBCouncil', 'LancasterCityCouncil', 'LeedsCityCouncil', 'LeicesterCityCouncil', 'LichfieldDistrictCouncil', 'LincolnCouncil', 'LisburnCastlereaghCityCouncil', 'LiverpoolCityCouncil', 'LondonBoroughEaling', 'LondonBoroughHarrow', 'LondonBoroughHavering', 'LondonBoroughHounslow', 'LondonBoroughLambeth', 'LondonBoroughLewisham', 'LondonBoroughOfRichmondUponThames', 'LondonBoroughRedbridge', 'LondonBoroughSutton', 'LutonBoroughCouncil', 'MaldonDistrictCouncil', 'MalvernHillsDC', 'ManchesterCityCouncil', 'MansfieldDistrictCouncil', 'MedwayCouncil', 'MeltonBoroughCouncil', 'MertonCouncil', 'MidAndEastAntrimBoroughCouncil', 'MidDevonCouncil', 'MidSuffolkDistrictCouncil', 'MidSussexDistrictCouncil', 'MidUlsterDistrictCouncil', 'MiddlesbroughCouncil', 'MidlothianCouncil', 'MiltonKeynesCityCouncil', 'MoleValleyDistrictCouncil', 'MonmouthshireCountyCouncil', 'MorayCouncil', 'NeathPortTalbotCouncil', 'NewForestCouncil', 'NewarkAndSherwoodDC', 'NewcastleCityCouncil', 'NewcastleUnderLymeCouncil', 'NewhamCouncil', 'NewportCityCouncil', 'NewryMourneAndDownDistrictCouncil', 'NorthAyrshireCouncil', 'NorthDevonCountyCouncil', 'NorthEastDerbyshireDistrictCouncil', 'NorthEastLincs', 'NorthHertfordshireDistrictCouncil', 'NorthKestevenDistrictCouncil', 'NorthLanarkshireCouncil', 'NorthLincolnshireCouncil', 'NorthNorfolkDistrictCouncil', 'NorthNorthamptonshireCouncil', 'NorthSomersetCouncil', 'NorthTynesideCouncil', 'NorthWarwickshireBoroughCouncil', 'NorthWestLeicestershire', 'NorthYorkshire', 'NorthumberlandCouncil', 'NorwichCityCouncil', 'NottinghamCityCouncil', 'NuneatonBedworthBoroughCouncil', 'OadbyAndWigstonBoroughCouncil', 'OldhamCouncil', 'OxfordCityCouncil', 'PembrokeshireCountyCouncil', 'PendleBoroughCouncil', 'PerthAndKinrossCouncil', 'PeterboroughCityCouncil', 'PlymouthCouncil', 'PortsmouthCityCouncil', 'PowysCouncil', 'PrestonCityCouncil', 'ReadingBoroughCouncil', 'RedcarandClevelandCouncil', 'RedditchBoroughCouncil', 'ReigateAndBansteadBoroughCouncil', 'RenfrewshireCouncil', 'RhonddaCynonTaffCouncil', 'RibbleValleyCouncil', 'RochdaleCouncil', 'RochfordCouncil', 'RotherDistrictCouncil', 'RotherhamCouncil', 'RoyalBoroughofGreenwich', 'RugbyBoroughCouncil', 'RunnymedeBoroughCouncil', 'RushcliffeBoroughCouncil', 'RushmoorCouncil', 'SalfordCityCouncil', 'SandwellBoroughCouncil', 'SeftonCouncil', 'SevenoaksDistrictCouncil', 'SheffieldCityCouncil', 'ShropshireCouncil', 'SloughBoroughCouncil', 'SolihullCouncil', 'SomersetCouncil', 'SouthAyrshireCouncil', 'SouthCambridgeshireCouncil', 'SouthDerbyshireDistrictCouncil', 'SouthGloucestershireCouncil', 'SouthHamsDistrictCouncil', 'SouthHollandDistrictCouncil', 'SouthKestevenDistrictCouncil', 'SouthLanarkshireCouncil', 'SouthNorfolkCouncil', 'SouthOxfordshireCouncil', 'SouthRibbleCouncil', 'SouthStaffordshireDistrictCouncil', 'SouthTynesideCouncil', 'SouthamptonCityCouncil', 'SouthwarkCouncil', 'SpelthorneBoroughCouncil', 'StAlbansCityAndDistrictCouncil', 'StHelensBC', 'StaffordBoroughCouncil', 'StaffordshireMoorlandsDistrictCouncil', 'StevenageBoroughCouncil', 'StirlingCouncil', 'StockportBoroughCouncil', 'StocktonOnTeesCouncil', 'StokeOnTrentCityCouncil', 'StratfordUponAvonCouncil', 'StroudDistrictCouncil', 'SunderlandCityCouncil', 'SurreyHeathBoroughCouncil', 'SwaleBoroughCouncil', 'SwanseaCouncil', 'SwindonBoroughCouncil', 'TamesideMBCouncil', 'TandridgeDistrictCouncil', 'TeignbridgeCouncil', 'TelfordAndWrekinCouncil', 'TendringDistrictCouncil', 'TestValleyBoroughCouncil', 'TewkesburyBoroughCouncil', 'ThanetDistrictCouncil', 'ThreeRiversDistrictCouncil', 'ThurrockCouncil', 'TonbridgeAndMallingBC', 'TorbayCouncil', 'TorfaenCountyBoroughCouncil', 'TorridgeDistrictCouncil', 'TraffordCouncil', 'TunbridgeWellsCouncil', 'UttlesfordDistrictCouncil', 'ValeofGlamorganCouncil', 'ValeofWhiteHorseCouncil', 'WakefieldCityCouncil', 'WalsallCouncil', 'WalthamForest', 'WandsworthCouncil', 'WarringtonBoroughCouncil', 'WarwickDistrictCouncil', 'WatfordBoroughCouncil', 'WaverleyBoroughCouncil', 'WealdenDistrictCouncil', 'WelhatCouncil', 'WestBerkshireCouncil', 'WestDunbartonshireCouncil', 'WestLancashireBoroughCouncil', 'WestLindseyDistrictCouncil', 'WestLothianCouncil', 'WestMorlandAndFurness', 'WestNorthamptonshireCouncil', 'WestOxfordshireDistrictCouncil', 'WestSuffolkCouncil', 'WestmorlAndFurnessCouncil', 'WiganBoroughCouncil', 'WiltshireCouncil', 'WinchesterCityCouncil', 'WindsorAndMaidenheadCouncil', 'WirralCouncil', 'WokingBoroughCouncil', 'WokinghamBoroughCouncil', 'WolverhamptonCityCouncil', 'WorcesterCityCouncil', 'WrexhamCountyBoroughCouncil', 'WychavonDistrictCouncil', 'WyreCouncil', 'WyreForestDistrictCouncil', 'YorkCouncil']
2025-05-10 12:14:45.024 DEBUG (MainThread) [custom_components.uk_bin_collection.config_flow] Retrieving property info for location: 50.825770, -0.126353
2025-05-10 12:14:45.250 DEBUG (MainThread) [custom_components.uk_bin_collection.config_flow] Retrieved property info - Street: West Drive, Ward: Queen's Park, Postcode: BN2 0QU, LAD24CD: E06000043, Town: Brighton
2025-05-10 12:14:45.250 DEBUG (MainThread) [custom_components.uk_bin_collection.config_flow] Found LAD code: E06000043
2025-05-10 12:14:45.250 INFO (MainThread) [custom_components.uk_bin_collection.config_flow] Found matching council: Brighton and Hove for LAD code: E06000043
2025-05-10 12:14:45.250 DEBUG (MainThread) [custom_components.uk_bin_collection.config_flow] Using street name as default name: West Drive
2025-05-10 12:14:45.250 INFO (MainThread) [custom_components.uk_bin_collection.config_flow] Pre-selecting detected council: Brighton and Hove
2025-05-10 12:14:46.353 DEBUG (MainThread) [custom_components.uk_bin_collection.config_flow] User input received: {'name': 'West Drive', 'council': 'Brighton and Hove'}
2025-05-10 12:14:46.353 DEBUG (MainThread) [custom_components.uk_bin_collection.config_flow] Mapped wiki name 'Brighton and Hove' to council key 'BrightonandHoveCityCouncil'.
2025-05-10 12:14:46.353 DEBUG (MainThread) [custom_components.uk_bin_collection.config_flow] User input after mapping: {'name': 'West Drive', 'council': 'BrightonandHoveCityCouncil'}
